<?xml version="1.0" encoding="UTF-8"?>
<testsuite xmlns:xsi="http://www.w3.org/2001/XMLSchema-instance" xsi:noNamespaceSchemaLocation="https://maven.apache.org/surefire/maven-failsafe-plugin/xsd/failsafe-test-report-3.0.xsd" version="3.0" name="com.bjss.testexample.RunnerIT" time="9.765" tests="1" errors="0" skipped="0" failures="0">
  <properties>
    <property name="java.specification.version" value="16"/>
    <property name="sun.jnu.encoding" value="UTF-8"/>
    <property name="java.class.path" value="/Users/jyoti.gautam/IdeaProjects/cucumber-selenium/target/test-classes:/Users/jyoti.gautam/.m2/repository/io/cucumber/cucumber-core/6.10.2/cucumber-core-6.10.2.jar:/Users/jyoti.gautam/.m2/repository/io/cucumber/cucumber-gherkin/6.10.2/cucumber-gherkin-6.10.2.jar:/Users/jyoti.gautam/.m2/repository/io/cucumber/cucumber-gherkin-messages/6.10.2/cucumber-gherkin-messages-6.10.2.jar:/Users/jyoti.gautam/.m2/repository/io/cucumber/messages/14.0.1/messages-14.0.1.jar:/Users/jyoti.gautam/.m2/repository/io/cucumber/tag-expressions/3.0.0/tag-expressions-3.0.0.jar:/Users/jyoti.gautam/.m2/repository/io/cucumber/cucumber-expressions/10.3.0/cucumber-expressions-10.3.0.jar:/Users/jyoti.gautam/.m2/repository/io/cucumber/datatable/3.5.0/datatable-3.5.0.jar:/Users/jyoti.gautam/.m2/repository/io/cucumber/cucumber-plugin/6.10.2/cucumber-plugin-6.10.2.jar:/Users/jyoti.gautam/.m2/repository/io/cucumber/docstring/6.10.2/docstring-6.10.2.jar:/Users/jyoti.gautam/.m2/repository/io/cucumber/html-formatter/12.0.0/html-formatter-12.0.0.jar:/Users/jyoti.gautam/.m2/repository/io/cucumber/create-meta/3.0.0/create-meta-3.0.0.jar:/Users/jyoti.gautam/.m2/repository/org/apiguardian/apiguardian-api/1.1.1/apiguardian-api-1.1.1.jar:/Users/jyoti.gautam/.m2/repository/io/cucumber/cucumber-java/6.10.2/cucumber-java-6.10.2.jar:/Users/jyoti.gautam/.m2/repository/io/cucumber/cucumber-junit/6.10.2/cucumber-junit-6.10.2.jar:/Users/jyoti.gautam/.m2/repository/junit/junit/4.13.2/junit-4.13.2.jar:/Users/jyoti.gautam/.m2/repository/org/hamcrest/hamcrest-core/1.3/hamcrest-core-1.3.jar:/Users/jyoti.gautam/.m2/repository/org/seleniumhq/selenium/selenium-java/3.141.59/selenium-java-3.141.59.jar:/Users/jyoti.gautam/.m2/repository/org/seleniumhq/selenium/selenium-api/3.141.59/selenium-api-3.141.59.jar:/Users/jyoti.gautam/.m2/repository/org/seleniumhq/selenium/selenium-chrome-driver/3.141.59/selenium-chrome-driver-3.141.59.jar:/Users/jyoti.gautam/.m2/repository/org/seleniumhq/selenium/selenium-edge-driver/3.141.59/selenium-edge-driver-3.141.59.jar:/Users/jyoti.gautam/.m2/repository/org/seleniumhq/selenium/selenium-firefox-driver/3.141.59/selenium-firefox-driver-3.141.59.jar:/Users/jyoti.gautam/.m2/repository/org/seleniumhq/selenium/selenium-ie-driver/3.141.59/selenium-ie-driver-3.141.59.jar:/Users/jyoti.gautam/.m2/repository/org/seleniumhq/selenium/selenium-opera-driver/3.141.59/selenium-opera-driver-3.141.59.jar:/Users/jyoti.gautam/.m2/repository/org/seleniumhq/selenium/selenium-remote-driver/3.141.59/selenium-remote-driver-3.141.59.jar:/Users/jyoti.gautam/.m2/repository/org/seleniumhq/selenium/selenium-safari-driver/3.141.59/selenium-safari-driver-3.141.59.jar:/Users/jyoti.gautam/.m2/repository/org/seleniumhq/selenium/selenium-support/3.141.59/selenium-support-3.141.59.jar:/Users/jyoti.gautam/.m2/repository/net/bytebuddy/byte-buddy/1.8.15/byte-buddy-1.8.15.jar:/Users/jyoti.gautam/.m2/repository/org/apache/commons/commons-exec/1.3/commons-exec-1.3.jar:/Users/jyoti.gautam/.m2/repository/com/google/guava/guava/25.0-jre/guava-25.0-jre.jar:/Users/jyoti.gautam/.m2/repository/com/google/code/findbugs/jsr305/1.3.9/jsr305-1.3.9.jar:/Users/jyoti.gautam/.m2/repository/org/checkerframework/checker-compat-qual/2.0.0/checker-compat-qual-2.0.0.jar:/Users/jyoti.gautam/.m2/repository/com/google/errorprone/error_prone_annotations/2.1.3/error_prone_annotations-2.1.3.jar:/Users/jyoti.gautam/.m2/repository/com/google/j2objc/j2objc-annotations/1.1/j2objc-annotations-1.1.jar:/Users/jyoti.gautam/.m2/repository/org/codehaus/mojo/animal-sniffer-annotations/1.14/animal-sniffer-annotations-1.14.jar:/Users/jyoti.gautam/.m2/repository/com/squareup/okhttp3/okhttp/3.11.0/okhttp-3.11.0.jar:/Users/jyoti.gautam/.m2/repository/com/squareup/okio/okio/1.14.0/okio-1.14.0.jar:"/>
    <property name="java.vm.vendor" value="Oracle Corporation"/>
    <property name="sun.arch.data.model" value="64"/>
    <property name="java.vendor.url" value="https://java.oracle.com/"/>
    <property name="os.name" value="Mac OS X"/>
    <property name="java.vm.specification.version" value="16"/>
    <property name="sun.java.launcher" value="SUN_STANDARD"/>
    <property name="user.country" value="GB"/>
    <property name="sun.boot.library.path" value="/Library/Java/JavaVirtualMachines/jdk-16.jdk/Contents/Home/lib"/>
    <property name="sun.java.command" value="org.apache.maven.surefire.booter.ForkedBooter /Users/jyoti.gautam/IdeaProjects/cucumber-selenium/target/surefire 2021-04-14T13-35-12_019-jvmRun1 surefire10625999808786784262tmp surefire_01310831023402630014tmp"/>
    <property name="http.nonProxyHosts" value="local|*.local|169.254/16|*.169.254/16"/>
    <property name="jdk.debug" value="release"/>
    <property name="surefire.test.class.path" value="/Users/jyoti.gautam/IdeaProjects/cucumber-selenium/target/test-classes:/Users/jyoti.gautam/.m2/repository/io/cucumber/cucumber-core/6.10.2/cucumber-core-6.10.2.jar:/Users/jyoti.gautam/.m2/repository/io/cucumber/cucumber-gherkin/6.10.2/cucumber-gherkin-6.10.2.jar:/Users/jyoti.gautam/.m2/repository/io/cucumber/cucumber-gherkin-messages/6.10.2/cucumber-gherkin-messages-6.10.2.jar:/Users/jyoti.gautam/.m2/repository/io/cucumber/messages/14.0.1/messages-14.0.1.jar:/Users/jyoti.gautam/.m2/repository/io/cucumber/tag-expressions/3.0.0/tag-expressions-3.0.0.jar:/Users/jyoti.gautam/.m2/repository/io/cucumber/cucumber-expressions/10.3.0/cucumber-expressions-10.3.0.jar:/Users/jyoti.gautam/.m2/repository/io/cucumber/datatable/3.5.0/datatable-3.5.0.jar:/Users/jyoti.gautam/.m2/repository/io/cucumber/cucumber-plugin/6.10.2/cucumber-plugin-6.10.2.jar:/Users/jyoti.gautam/.m2/repository/io/cucumber/docstring/6.10.2/docstring-6.10.2.jar:/Users/jyoti.gautam/.m2/repository/io/cucumber/html-formatter/12.0.0/html-formatter-12.0.0.jar:/Users/jyoti.gautam/.m2/repository/io/cucumber/create-meta/3.0.0/create-meta-3.0.0.jar:/Users/jyoti.gautam/.m2/repository/org/apiguardian/apiguardian-api/1.1.1/apiguardian-api-1.1.1.jar:/Users/jyoti.gautam/.m2/repository/io/cucumber/cucumber-java/6.10.2/cucumber-java-6.10.2.jar:/Users/jyoti.gautam/.m2/repository/io/cucumber/cucumber-junit/6.10.2/cucumber-junit-6.10.2.jar:/Users/jyoti.gautam/.m2/repository/junit/junit/4.13.2/junit-4.13.2.jar:/Users/jyoti.gautam/.m2/repository/org/hamcrest/hamcrest-core/1.3/hamcrest-core-1.3.jar:/Users/jyoti.gautam/.m2/repository/org/seleniumhq/selenium/selenium-java/3.141.59/selenium-java-3.141.59.jar:/Users/jyoti.gautam/.m2/repository/org/seleniumhq/selenium/selenium-api/3.141.59/selenium-api-3.141.59.jar:/Users/jyoti.gautam/.m2/repository/org/seleniumhq/selenium/selenium-chrome-driver/3.141.59/selenium-chrome-driver-3.141.59.jar:/Users/jyoti.gautam/.m2/repository/org/seleniumhq/selenium/selenium-edge-driver/3.141.59/selenium-edge-driver-3.141.59.jar:/Users/jyoti.gautam/.m2/repository/org/seleniumhq/selenium/selenium-firefox-driver/3.141.59/selenium-firefox-driver-3.141.59.jar:/Users/jyoti.gautam/.m2/repository/org/seleniumhq/selenium/selenium-ie-driver/3.141.59/selenium-ie-driver-3.141.59.jar:/Users/jyoti.gautam/.m2/repository/org/seleniumhq/selenium/selenium-opera-driver/3.141.59/selenium-opera-driver-3.141.59.jar:/Users/jyoti.gautam/.m2/repository/org/seleniumhq/selenium/selenium-remote-driver/3.141.59/selenium-remote-driver-3.141.59.jar:/Users/jyoti.gautam/.m2/repository/org/seleniumhq/selenium/selenium-safari-driver/3.141.59/selenium-safari-driver-3.141.59.jar:/Users/jyoti.gautam/.m2/repository/org/seleniumhq/selenium/selenium-support/3.141.59/selenium-support-3.141.59.jar:/Users/jyoti.gautam/.m2/repository/net/bytebuddy/byte-buddy/1.8.15/byte-buddy-1.8.15.jar:/Users/jyoti.gautam/.m2/repository/org/apache/commons/commons-exec/1.3/commons-exec-1.3.jar:/Users/jyoti.gautam/.m2/repository/com/google/guava/guava/25.0-jre/guava-25.0-jre.jar:/Users/jyoti.gautam/.m2/repository/com/google/code/findbugs/jsr305/1.3.9/jsr305-1.3.9.jar:/Users/jyoti.gautam/.m2/repository/org/checkerframework/checker-compat-qual/2.0.0/checker-compat-qual-2.0.0.jar:/Users/jyoti.gautam/.m2/repository/com/google/errorprone/error_prone_annotations/2.1.3/error_prone_annotations-2.1.3.jar:/Users/jyoti.gautam/.m2/repository/com/google/j2objc/j2objc-annotations/1.1/j2objc-annotations-1.1.jar:/Users/jyoti.gautam/.m2/repository/org/codehaus/mojo/animal-sniffer-annotations/1.14/animal-sniffer-annotations-1.14.jar:/Users/jyoti.gautam/.m2/repository/com/squareup/okhttp3/okhttp/3.11.0/okhttp-3.11.0.jar:/Users/jyoti.gautam/.m2/repository/com/squareup/okio/okio/1.14.0/okio-1.14.0.jar:"/>
    <property name="sun.cpu.endian" value="little"/>
    <property name="user.home" value="/Users/jyoti.gautam"/>
    <property name="user.language" value="en"/>
    <property name="java.specification.vendor" value="Oracle Corporation"/>
    <property name="jdk.module.path" value="/Users/jyoti.gautam/IdeaProjects/cucumber-selenium/target/cucumber-selenium-1.0-SNAPSHOT.jar"/>
    <property name="java.version.date" value="2021-03-16"/>
    <property name="java.home" value="/Library/Java/JavaVirtualMachines/jdk-16.jdk/Contents/Home"/>
    <property name="file.separator" value="/"/>
    <property name="basedir" value="/Users/jyoti.gautam/IdeaProjects/cucumber-selenium"/>
    <property name="java.vm.compressedOopsMode" value="Zero based"/>
    <property name="line.separator" value="&#10;"/>
    <property name="java.specification.name" value="Java Platform API Specification"/>
    <property name="java.vm.specification.vendor" value="Oracle Corporation"/>
    <property name="surefire.real.class.path" value="/Users/jyoti.gautam/.m2/repository/org/apache/maven/surefire/surefire-booter/3.0.0-M5/surefire-booter-3.0.0-M5.jar:/Users/jyoti.gautam/.m2/repository/org/apache/maven/surefire/surefire-api/3.0.0-M5/surefire-api-3.0.0-M5.jar:/Users/jyoti.gautam/.m2/repository/org/apache/maven/surefire/surefire-logger-api/3.0.0-M5/surefire-logger-api-3.0.0-M5.jar:/Users/jyoti.gautam/.m2/repository/org/apache/maven/surefire/surefire-shared-utils/3.0.0-M4/surefire-shared-utils-3.0.0-M4.jar:/Users/jyoti.gautam/.m2/repository/org/apache/maven/surefire/surefire-extensions-spi/3.0.0-M5/surefire-extensions-spi-3.0.0-M5.jar:/Users/jyoti.gautam/IdeaProjects/cucumber-selenium/target/test-classes:/Users/jyoti.gautam/.m2/repository/io/cucumber/cucumber-core/6.10.2/cucumber-core-6.10.2.jar:/Users/jyoti.gautam/.m2/repository/io/cucumber/cucumber-gherkin/6.10.2/cucumber-gherkin-6.10.2.jar:/Users/jyoti.gautam/.m2/repository/io/cucumber/cucumber-gherkin-messages/6.10.2/cucumber-gherkin-messages-6.10.2.jar:/Users/jyoti.gautam/.m2/repository/io/cucumber/messages/14.0.1/messages-14.0.1.jar:/Users/jyoti.gautam/.m2/repository/io/cucumber/tag-expressions/3.0.0/tag-expressions-3.0.0.jar:/Users/jyoti.gautam/.m2/repository/io/cucumber/cucumber-expressions/10.3.0/cucumber-expressions-10.3.0.jar:/Users/jyoti.gautam/.m2/repository/io/cucumber/datatable/3.5.0/datatable-3.5.0.jar:/Users/jyoti.gautam/.m2/repository/io/cucumber/cucumber-plugin/6.10.2/cucumber-plugin-6.10.2.jar:/Users/jyoti.gautam/.m2/repository/io/cucumber/docstring/6.10.2/docstring-6.10.2.jar:/Users/jyoti.gautam/.m2/repository/io/cucumber/html-formatter/12.0.0/html-formatter-12.0.0.jar:/Users/jyoti.gautam/.m2/repository/io/cucumber/create-meta/3.0.0/create-meta-3.0.0.jar:/Users/jyoti.gautam/.m2/repository/org/apiguardian/apiguardian-api/1.1.1/apiguardian-api-1.1.1.jar:/Users/jyoti.gautam/.m2/repository/io/cucumber/cucumber-java/6.10.2/cucumber-java-6.10.2.jar:/Users/jyoti.gautam/.m2/repository/io/cucumber/cucumber-junit/6.10.2/cucumber-junit-6.10.2.jar:/Users/jyoti.gautam/.m2/repository/junit/junit/4.13.2/junit-4.13.2.jar:/Users/jyoti.gautam/.m2/repository/org/hamcrest/hamcrest-core/1.3/hamcrest-core-1.3.jar:/Users/jyoti.gautam/.m2/repository/org/seleniumhq/selenium/selenium-java/3.141.59/selenium-java-3.141.59.jar:/Users/jyoti.gautam/.m2/repository/org/seleniumhq/selenium/selenium-api/3.141.59/selenium-api-3.141.59.jar:/Users/jyoti.gautam/.m2/repository/org/seleniumhq/selenium/selenium-chrome-driver/3.141.59/selenium-chrome-driver-3.141.59.jar:/Users/jyoti.gautam/.m2/repository/org/seleniumhq/selenium/selenium-edge-driver/3.141.59/selenium-edge-driver-3.141.59.jar:/Users/jyoti.gautam/.m2/repository/org/seleniumhq/selenium/selenium-firefox-driver/3.141.59/selenium-firefox-driver-3.141.59.jar:/Users/jyoti.gautam/.m2/repository/org/seleniumhq/selenium/selenium-ie-driver/3.141.59/selenium-ie-driver-3.141.59.jar:/Users/jyoti.gautam/.m2/repository/org/seleniumhq/selenium/selenium-opera-driver/3.141.59/selenium-opera-driver-3.141.59.jar:/Users/jyoti.gautam/.m2/repository/org/seleniumhq/selenium/selenium-remote-driver/3.141.59/selenium-remote-driver-3.141.59.jar:/Users/jyoti.gautam/.m2/repository/org/seleniumhq/selenium/selenium-safari-driver/3.141.59/selenium-safari-driver-3.141.59.jar:/Users/jyoti.gautam/.m2/repository/org/seleniumhq/selenium/selenium-support/3.141.59/selenium-support-3.141.59.jar:/Users/jyoti.gautam/.m2/repository/net/bytebuddy/byte-buddy/1.8.15/byte-buddy-1.8.15.jar:/Users/jyoti.gautam/.m2/repository/org/apache/commons/commons-exec/1.3/commons-exec-1.3.jar:/Users/jyoti.gautam/.m2/repository/com/google/guava/guava/25.0-jre/guava-25.0-jre.jar:/Users/jyoti.gautam/.m2/repository/com/google/code/findbugs/jsr305/1.3.9/jsr305-1.3.9.jar:/Users/jyoti.gautam/.m2/repository/org/checkerframework/checker-compat-qual/2.0.0/checker-compat-qual-2.0.0.jar:/Users/jyoti.gautam/.m2/repository/com/google/errorprone/error_prone_annotations/2.1.3/error_prone_annotations-2.1.3.jar:/Users/jyoti.gautam/.m2/repository/com/google/j2objc/j2objc-annotations/1.1/j2objc-annotations-1.1.jar:/Users/jyoti.gautam/.m2/repository/org/codehaus/mojo/animal-sniffer-annotations/1.14/animal-sniffer-annotations-1.14.jar:/Users/jyoti.gautam/.m2/repository/com/squareup/okhttp3/okhttp/3.11.0/okhttp-3.11.0.jar:/Users/jyoti.gautam/.m2/repository/com/squareup/okio/okio/1.14.0/okio-1.14.0.jar:/Users/jyoti.gautam/.m2/repository/org/apache/maven/surefire/surefire-junit4/3.0.0-M5/surefire-junit4-3.0.0-M5.jar:/Users/jyoti.gautam/.m2/repository/org/apache/maven/surefire/common-java5/3.0.0-M5/common-java5-3.0.0-M5.jar:/Users/jyoti.gautam/.m2/repository/org/apache/maven/surefire/common-junit3/3.0.0-M5/common-junit3-3.0.0-M5.jar:/Users/jyoti.gautam/.m2/repository/org/apache/maven/surefire/common-junit4/3.0.0-M5/common-junit4-3.0.0-M5.jar"/>
    <property name="sun.management.compiler" value="HotSpot 64-Bit Tiered Compilers"/>
    <property name="ftp.nonProxyHosts" value="local|*.local|169.254/16|*.169.254/16"/>
    <property name="java.runtime.version" value="16+36-2231"/>
    <property name="user.name" value="jyoti.gautam"/>
    <property name="path.separator" value=":"/>
    <property name="os.version" value="10.15.7"/>
    <property name="java.runtime.name" value="Java(TM) SE Runtime Environment"/>
    <property name="file.encoding" value="UTF-8"/>
    <property name="java.vm.name" value="Java HotSpot(TM) 64-Bit Server VM"/>
    <property name="localRepository" value="/Users/jyoti.gautam/.m2/repository"/>
    <property name="java.vendor.url.bug" value="https://bugreport.java.com/bugreport/"/>
    <property name="java.io.tmpdir" value="/var/folders/7w/hz7n9y8s0q16jvtm2j7gc588zk3wyn/T/"/>
    <property name="idea.version" value="2021.1"/>
    <property name="java.version" value="16"/>
    <property name="user.dir" value="/Users/jyoti.gautam/IdeaProjects/cucumber-selenium"/>
    <property name="os.arch" value="x86_64"/>
    <property name="java.vm.specification.name" value="Java Virtual Machine Specification"/>
    <property name="java.library.path" value="/Users/jyoti.gautam/Library/Java/Extensions:/Library/Java/Extensions:/Network/Library/Java/Extensions:/System/Library/Java/Extensions:/usr/lib/java:."/>
    <property name="java.vm.info" value="mixed mode"/>
    <property name="java.vendor" value="Oracle Corporation"/>
    <property name="java.vm.version" value="16+36-2231"/>
    <property name="sun.io.unicode.encoding" value="UnicodeBig"/>
    <property name="socksNonProxyHosts" value="local|*.local|169.254/16|*.169.254/16"/>
    <property name="java.class.version" value="60.0"/>
  </properties>
  <testcase name="The menu is expandable on BJSS home page" classname="BJSS home page" time="9.576">
    <system-err><![CDATA[1618403713079	geckodriver	INFO	Listening on 127.0.0.1:9018
1618403714200	mozrunner::runner	INFO	Running command: "/Applications/Firefox.app/Contents/MacOS/firefox-bin" "--marionette" "-foreground" "-no-remote" "-profile" "/var/folders/7w/hz7n9y8s0q16jvtm2j7gc588zk3wyn/T/rust_mozprofilembp8JV"
console.warn: SearchSettings: "get: No settings file exists, new profile?" (new Error("", "(unknown module)"))
1618403716321	Marionette	INFO	Listening on port 54340
1618403716352	Marionette	WARN	TLS certificate errors will be ignored for this session
Apr 14, 2021 1:35:16 PM org.openqa.selenium.remote.ProtocolHandshake createSession
INFO: Detected dialect: W3C
1618403721970	Marionette	INFO	Stopped listening on port 54340

###!!! [Parent][RunMessage] Error: Channel closing: too late to send/recv, messages will be lost

]]></system-err>
  </testcase>
</testsuite>